10.8.2024, 14:01:42 - ERROR - There was an error to logged in:TypeError: Cannot destructure property 'token' of '(intermediate value)' as it is undefined. 
10.8.2024, 14:02:06 - ERROR - There was an error to logged in:TypeError: Cannot destructure property 'token' of '(intermediate value)' as it is undefined. 
10.8.2024, 14:07:05 - ERROR - There was an error to logged in:TypeError: Cannot destructure property 'token' of '(intermediate value)' as it is undefined. 
10.8.2024, 14:09:08 - ERROR - There was an error to logged in:TypeError: Cannot destructure property 'token' of '(intermediate value)' as it is undefined. 
10.8.2024, 14:10:50 - ERROR - There was an error to logged in:TypeError: Cannot destructure property 'token' of '(intermediate value)' as it is undefined. 
10.8.2024, 14:13:19 - ERROR - There was an error to logged in:TypeError: Cannot destructure property 'token' of '(intermediate value)' as it is undefined. 
10.8.2024, 14:14:39 - ERROR - There was an error to logged in:TypeError: Cannot destructure property 'token' of '(intermediate value)' as it is undefined. 
10.8.2024, 14:15:41 - ERROR - There was an error to logged in:TypeError: Cannot destructure property 'token' of '(intermediate value)' as it is undefined. 
10.8.2024, 14:17:46 - ERROR - There was an error to logged in:TypeError: Cannot destructure property 'token' of '(intermediate value)' as it is undefined. 
10.8.2024, 14:22:01 - ERROR - There was an error to logged in:TypeError: Cannot destructure property 'token' of '(intermediate value)' as it is undefined. 
10.8.2024, 14:26:20 - ERROR - There was an error to logged in:TypeError: Cannot destructure property 'token' of '(intermediate value)' as it is undefined. 
10.8.2024, 14:27:25 - ERROR - There was an error to logged in:TypeError: Cannot destructure property 'token' of '(intermediate value)' as it is undefined. 
10.8.2024, 14:28:06 - ERROR - There was an error to logged in:TypeError: Cannot destructure property 'token' of '(intermediate value)' as it is undefined. 
10.8.2024, 14:29:57 - ERROR - There was an error to logged in:TypeError: Cannot destructure property 'token' of '(intermediate value)' as it is undefined. 
10.8.2024, 14:31:37 - ERROR - There was an error to logged in:TypeError: Cannot destructure property 'token' of '(intermediate value)' as it is undefined. 
10.8.2024, 14:34:15 - ERROR - There was an error to logged in:TypeError: Cannot destructure property 'token' of '(intermediate value)' as it is undefined. 
10.8.2024, 14:37:34 - ERROR - There was an error to logged in:TypeError: Cannot destructure property 'token' of '(intermediate value)' as it is undefined. 
10.8.2024, 14:38:28 - ERROR - There was an error to logged in:TypeError: Cannot destructure property 'token' of '(intermediate value)' as it is undefined. 
10.8.2024, 14:38:53 - ERROR - There was an error to logged in:TypeError: Cannot destructure property 'token' of '(intermediate value)' as it is undefined. 
10.8.2024, 14:40:05 - ERROR - There was an error to logged in:TypeError: Cannot destructure property 'token' of '(intermediate value)' as it is undefined. 
10.8.2024, 14:42:39 - ERROR - There was an error to logged in:TypeError: Cannot destructure property 'token' of '(intermediate value)' as it is undefined. 
10.8.2024, 14:45:48 - INFO - user:admin - successfully logged in 
10.8.2024, 14:47:00 - ERROR - There was an error to logged in:TypeError: Cannot destructure property 'token' of '(intermediate value)' as it is undefined. 
10.8.2024, 14:48:43 - ERROR - There was an error to logged in:TypeError: Cannot destructure property 'token' of '(intermediate value)' as it is undefined. 
10.8.2024, 14:49:20 - ERROR - There was an error to logged in:TypeError: Cannot destructure property 'token' of '(intermediate value)' as it is undefined. 
10.8.2024, 14:50:14 - ERROR - There was an error to logged in:TypeError: Cannot destructure property 'token' of '(intermediate value)' as it is undefined. 
10.8.2024, 14:51:10 - INFO - user:admin - successfully logged in 
10.8.2024, 15:04:24 - ERROR - There was an error to logged in:TypeError: Cannot destructure property 'token' of '(intermediate value)' as it is undefined. 
10.8.2024, 15:04:58 - ERROR - There was an error to logged in:ReferenceError: username is not defined 
10.8.2024, 15:05:49 - ERROR - There was an error to logged in:ReferenceError: username is not defined 
10.8.2024, 15:07:14 - ERROR - There was an error to logged in:ReferenceError: username is not defined 
10.8.2024, 15:11:03 - ERROR - There was an error to logged in:ReferenceError: username is not defined 
10.8.2024, 15:18:27 - ERROR - There was an error to sign up:ReferenceError: username is not defined 
10.8.2024, 15:19:01 - INFO - user:shoshana - successfully signed up 
10.8.2024, 16:28:57 - INFO - user:yacov - successfully signed up 
10.8.2024, 16:29:04 - INFO - user:yacov - successfully signed up 
10.8.2024, 16:30:18 - INFO - user:yacov - successfully signed up 
10.8.2024, 16:31:14 - ERROR - There was an error to sign up:TypeError: Cannot destructure property 'token' of '(intermediate value)' as it is undefined. 
10.8.2024, 16:32:55 - ERROR - There was an error to sign up:TypeError: Cannot destructure property 'token' of '(intermediate value)' as it is undefined. 
10.8.2024, 16:34:56 - ERROR - There was an error to sign up:TypeError: Cannot destructure property 'token' of '(intermediate value)' as it is undefined. 
10.8.2024, 16:38:34 - ERROR - There was an error to sign up:TypeError: Cannot destructure property 'token' of '(intermediate value)' as it is undefined. 
10.8.2024, 16:40:47 - ERROR - There was an error to sign up:TypeError: Cannot read properties of undefined (reading 'token') 
10.8.2024, 16:44:00 - ERROR - There was an error to sign up:Error: username already taken 
10.8.2024, 16:46:07 - ERROR - There was an error to sign up:Error: username already taken 
10.8.2024, 16:46:42 - INFO - user:yacov1 - successfully signed up 
10.8.2024, 16:46:46 - ERROR - There was an error to sign up:Error: username already taken 
10.8.2024, 16:48:00 - ERROR - There was an error to sign up:Error: username already taken 
10.8.2024, 16:48:43 - ERROR - There was an error to sign up:Error: username already taken 
10.8.2024, 17:00:18 - ERROR - There was an error to sign up:Error: username already taken 
10.8.2024, 17:12:53 - INFO - user:yacov12 - successfully signed up 
10.8.2024, 17:13:03 - INFO - user:yacov12 - successfully logged in 
11.8.2024, 16:32:12 - INFO - user:admin - successfully logged in 
11.8.2024, 16:33:11 - INFO - user:admin - successfully logged in 
11.8.2024, 16:33:38 - INFO - user:admin - successfully logged in 
11.8.2024, 16:38:44 - INFO - user:admin - successfully logged in 
11.8.2024, 16:51:19 - INFO - user:admin - successfully logged in 
11.8.2024, 16:58:38 - INFO - user:admin - successfully logged in 
11.8.2024, 16:59:45 - INFO - user:admin - successfully logged in 
11.8.2024, 17:03:08 - INFO - user:admin - successfully logged in 
11.8.2024, 17:03:37 - INFO - user:admin - successfully logged in 
11.8.2024, 17:13:02 - ERROR - There was an error to logged in:Error: username or password are incorrect 
11.8.2024, 17:15:45 - ERROR - There was an error to logged in:Error: username or password are incorrect 
11.8.2024, 17:17:40 - ERROR - There was an error to logged in:Error: username or password are incorrect 
11.8.2024, 17:18:44 - ERROR - There was an error to logged in:Error: username or password are incorrect 
11.8.2024, 17:18:59 - ERROR - There was an error to logged in:Error: username or password are incorrect 
11.8.2024, 17:29:05 - ERROR - There was an error to logged in:Error: username or password are incorrect 
11.8.2024, 17:29:49 - ERROR - There was an error to logged in:Error: username or password are incorrect 
11.8.2024, 17:30:22 - ERROR - There was an error to logged in:Error: username or password are incorrect 
11.8.2024, 20:28:30 - ERROR - There was an error to logged in:Invalid username or password 
11.8.2024, 20:40:30 - ERROR - There was an error to logged in:Invalid username or password 
11.8.2024, 20:44:05 - ERROR - There was an error to logged in:Invalid username or password 
11.8.2024, 20:56:56 - ERROR - There was an error to sign up:ReferenceError: data is not defined 
11.8.2024, 20:57:40 - ERROR - There was an error to sign up:ReferenceError: response is not defined 
11.8.2024, 20:58:25 - ERROR - There was an error to logged in:username already exist 
11.8.2024, 20:58:36 - INFO - user:dfdffff - successfully signed up 
12.8.2024, 13:14:38 - INFO - user:admin - successfully logged in 
12.8.2024, 13:14:39 - ERROR - There was an error to logged in:ReferenceError: token is not defined 
12.8.2024, 13:22:32 - INFO - user:admin - successfully logged in 
12.8.2024, 13:22:32 - ERROR - There was an error to logged in:ReferenceError: token is not defined 
12.8.2024, 13:30:07 - INFO - user:admin - successfully logged in 
12.8.2024, 13:30:07 - ERROR - There was an error to logged in:ReferenceError: token is not defined 
12.8.2024, 13:31:17 - INFO - user:admin - successfully logged in 
12.8.2024, 13:31:17 - ERROR - There was an error to logged in:ReferenceError: token is not defined 
12.8.2024, 13:31:30 - INFO - user:admin - successfully logged in 
12.8.2024, 13:31:30 - ERROR - There was an error to logged in:ReferenceError: token is not defined 
12.8.2024, 13:32:47 - INFO - user:admin - successfully logged in 
12.8.2024, 13:38:21 - INFO - user:admin - successfully logged in 
12.8.2024, 13:38:55 - INFO - user:admin - successfully logged in 
12.8.2024, 13:42:03 - INFO - user:admin - successfully logged in 
12.8.2024, 13:43:52 - INFO - user:admin - successfully logged in 
12.8.2024, 13:44:47 - ERROR - There was an error to logged in:Invalid username or password 
12.8.2024, 13:47:59 - ERROR - There was an error to logged in:Invalid username or password 
12.8.2024, 13:48:08 - INFO - user:admin - successfully logged in 
12.8.2024, 13:49:51 - INFO - user:admin - successfully logged in 
12.8.2024, 13:50:11 - INFO - user:admin - successfully logged in 
12.8.2024, 13:53:55 - INFO - user:admin - successfully logged in 
12.8.2024, 13:55:38 - INFO - user:admin - successfully logged in 
12.8.2024, 13:59:16 - INFO - user:admine - successfully signed up 
12.8.2024, 14:02:45 - ERROR - There was an error to logged in:username already exist 
12.8.2024, 14:02:51 - INFO - user:adminet - successfully signed up 
12.8.2024, 14:03:37 - INFO - user:adminetr - successfully signed up 
12.8.2024, 14:14:32 - INFO - user:dfsdsf - successfully signed up 
12.8.2024, 14:15:01 - INFO - user:dfsdsfr - successfully signed up 
12.8.2024, 14:47:16 - INFO - user:admin - successfully logged in 
12.8.2024, 14:51:38 - INFO - user:admin - successfully logged in 
12.8.2024, 14:51:54 - INFO - user:admin - successfully logged in 
12.8.2024, 14:53:41 - INFO - user:admin - successfully logged in 
12.8.2024, 14:54:27 - INFO - user:admin - successfully logged in 
12.8.2024, 14:55:55 - INFO - user:admin - successfully logged in 
12.8.2024, 14:56:39 - INFO - user:admin - successfully logged in 
12.8.2024, 15:01:20 - INFO - user:dsds - successfully signed up 
12.8.2024, 15:18:28 - INFO - user:admin - successfully logged in 
12.8.2024, 15:19:38 - INFO - user:admin - successfully logged in 
12.8.2024, 15:20:38 - INFO - user:admin - successfully logged in 
12.8.2024, 15:29:13 - INFO - user:admin - successfully logged in 
12.8.2024, 15:30:16 - INFO - user:admin - successfully logged in 
12.8.2024, 15:30:42 - INFO - user:admin - successfully logged in 
12.8.2024, 15:34:53 - INFO - user:admin - successfully logged in 
12.8.2024, 15:59:36 - INFO - user:admin - successfully logged in 
12.8.2024, 16:13:40 - INFO - user:admin - successfully logged in 
12.8.2024, 16:16:59 - INFO - user:admin - successfully logged in 
12.8.2024, 16:20:58 - INFO - user:admin - successfully logged in 
12.8.2024, 16:33:04 - INFO - user:admin - successfully logged in 
12.8.2024, 17:41:08 - INFO - user:admin - successfully logged in 
12.8.2024, 19:55:38 - INFO - user:admin - successfully logged in 
12.8.2024, 20:05:26 - INFO - user:Shosh - successfully signed up 
12.8.2024, 20:05:49 - INFO - user:admin - successfully logged in 
12.8.2024, 20:09:59 - INFO - user:admin - successfully logged in 
12.8.2024, 20:13:12 - INFO - user:admin - successfully logged in 
12.8.2024, 20:19:11 - INFO - user:admin - successfully logged in 
13.8.2024, 13:31:56 - INFO - user:admin - successfully logged in 
13.8.2024, 13:43:06 - INFO - user:admin - successfully logged in 
13.8.2024, 13:44:26 - INFO - user:admin - successfully logged in 
13.8.2024, 13:56:11 - INFO - user:admin - successfully logged in 
13.8.2024, 14:04:38 - INFO - user:admin - successfully logged in 
13.8.2024, 14:07:03 - INFO - user:admin - successfully logged in 
14.8.2024, 20:01:16 - INFO - user:admin - successfully logged in 
15.8.2024, 10:37:39 - INFO - user:admin - successfully logged in 
16.8.2024, 11:05:19 - INFO - user:admin - successfully logged in 
16.8.2024, 11:19:21 - INFO - user:dream girl - successfully signed up 
16.8.2024, 11:19:37 - INFO - user:admin - successfully logged in 
16.8.2024, 20:48:11 - INFO - user:admin - successfully logged in 
18.8.2024, 16:42:09 - INFO - user:dream girl - successfully logged in 
18.8.2024, 17:35:06 - INFO - user:dream girl - successfully logged in 
